<?xml version="1.0" encoding="UTF-8"?>
<!-- Generated by org.testng.reporters.JUnitXMLReporter -->
<testsuite ignored="0" hostname="JungHoons-MacBook-Pro.local" failures="0" tests="2" name="NegativeLoginTest" time="8.918" errors="0" timestamp="2024-07-08T00:56:39 CDT">
  <testcase classname="com.herokuapp.internet.loginTest.NegativeLoginTests" name="incorrectPassword" time="1.667"/>
  <testcase classname="com.herokuapp.internet.loginTest.NegativeLoginTests" name="incorrectUserName" time="1.727"/>
</testsuite> <!-- NegativeLoginTest -->
