<?xml version="1.0" encoding="UTF-8"?>
<!-- Generated by org.testng.reporters.JUnitXMLReporter -->
<testsuite ignored="0" hostname="JungHoons-MacBook-Pro.local" failures="0" tests="3" name="JSAlertTest" time="19.386" errors="0" timestamp="2024-07-10T01:00:58 CDT">
  <testcase classname="com.herokuapp.internet.alerttest.AlertTest" name="jsAlertTest" time="2.802"/>
  <testcase classname="com.herokuapp.internet.alerttest.AlertTest" name="jsConfirmTest" time="2.472"/>
  <testcase classname="com.herokuapp.internet.alerttest.AlertTest" name="jsPromptTest" time="2.56"/>
</testsuite> <!-- JSAlertTest -->
