<?xml version="1.0" encoding="UTF-8"?>
<testng-results ignored="0" total="0" passed="0" failed="0" skipped="0">
  <reporter-output>
  </reporter-output>
  <suite started-at="2024-07-07T23:22:36 CDT" name="PositiveTestsSuite" finished-at="2024-07-07T23:22:36 CDT" duration-ms="80">
    <groups>
    </groups>
    <test started-at="2024-07-07T23:22:36 CDT" name="PositiveTests" finished-at="2024-07-07T23:22:36 CDT" duration-ms="15">
    </test> <!-- PositiveTests -->
    <test started-at="2024-07-07T23:22:36 CDT" name="NegativeTests" finished-at="2024-07-07T23:22:36 CDT" duration-ms="0">
    </test> <!-- NegativeTests -->
  </suite> <!-- PositiveTestsSuite -->
</testng-results>
