<?xml version="1.0" encoding="UTF-8"?>
<testng-results ignored="0" total="2" passed="2" failed="0" skipped="0">
  <reporter-output>
  </reporter-output>
  <suite started-at="2024-07-09T02:34:48 CDT" name="DropDownTestsSuite" finished-at="2024-07-09T02:34:57 CDT" duration-ms="8036">
    <groups>
    </groups>
    <test started-at="2024-07-09T02:34:48 CDT" name="DropDownTests_Val_1" finished-at="2024-07-09T02:34:52 CDT" duration-ms="3930">
      <class name="com.herokuapp.internet.dropdowntest.DropdownTest">
        <test-method is-config="true" signature="setup(java.lang.String,org.testng.ITestContext)[pri:0, instance:com.herokuapp.internet.dropdowntest.DropdownTest@61df66b6]" started-at="2024-07-09T02:34:49 CDT" name="setup" finished-at="2024-07-09T02:34:51 CDT" duration-ms="2418" status="PASS">
          <params>
            <param index="0">
              <value>
                <![CDATA[chrome]]>
              </value>
            </param>
            <param index="1">
              <value>
                <![CDATA[org.testng.TestRunner@445b295b]]>
              </value>
            </param>
          </params>
          <reporter-output>
          </reporter-output>
        </test-method> <!-- setup -->
        <test-method signature="dropdownTests(int)[pri:0, instance:com.herokuapp.internet.dropdowntest.DropdownTest@61df66b6]" started-at="2024-07-09T02:34:51 CDT" name="dropdownTests" finished-at="2024-07-09T02:34:52 CDT" duration-ms="1359" status="PASS">
          <params>
            <param index="0">
              <value>
                <![CDATA[1]]>
              </value>
            </param>
          </params>
          <reporter-output>
          </reporter-output>
        </test-method> <!-- dropdownTests -->
        <test-method is-config="true" signature="shutDownDriver()[pri:0, instance:com.herokuapp.internet.dropdowntest.DropdownTest@61df66b6]" started-at="2024-07-09T02:34:52 CDT" name="shutDownDriver" finished-at="2024-07-09T02:34:52 CDT" duration-ms="117" status="PASS">
          <reporter-output>
          </reporter-output>
        </test-method> <!-- shutDownDriver -->
      </class> <!-- com.herokuapp.internet.dropdowntest.DropdownTest -->
    </test> <!-- DropDownTests_Val_1 -->
    <test started-at="2024-07-09T02:34:52 CDT" name="DropDownTests_Val_2" finished-at="2024-07-09T02:34:57 CDT" duration-ms="4088">
      <class name="com.herokuapp.internet.dropdowntest.DropdownTest">
        <test-method is-config="true" signature="setup(java.lang.String,org.testng.ITestContext)[pri:0, instance:com.herokuapp.internet.dropdowntest.DropdownTest@7f3b84b8]" started-at="2024-07-09T02:34:52 CDT" name="setup" finished-at="2024-07-09T02:34:54 CDT" duration-ms="1570" status="PASS">
          <params>
            <param index="0">
              <value>
                <![CDATA[chrome]]>
              </value>
            </param>
            <param index="1">
              <value>
                <![CDATA[org.testng.TestRunner@49e5f737]]>
              </value>
            </param>
          </params>
          <reporter-output>
          </reporter-output>
        </test-method> <!-- setup -->
        <test-method signature="dropdownTests(int)[pri:0, instance:com.herokuapp.internet.dropdowntest.DropdownTest@7f3b84b8]" started-at="2024-07-09T02:34:54 CDT" name="dropdownTests" finished-at="2024-07-09T02:34:56 CDT" duration-ms="2397" status="PASS">
          <params>
            <param index="0">
              <value>
                <![CDATA[2]]>
              </value>
            </param>
          </params>
          <reporter-output>
          </reporter-output>
        </test-method> <!-- dropdownTests -->
        <test-method is-config="true" signature="shutDownDriver()[pri:0, instance:com.herokuapp.internet.dropdowntest.DropdownTest@7f3b84b8]" started-at="2024-07-09T02:34:56 CDT" name="shutDownDriver" finished-at="2024-07-09T02:34:57 CDT" duration-ms="116" status="PASS">
          <reporter-output>
          </reporter-output>
        </test-method> <!-- shutDownDriver -->
      </class> <!-- com.herokuapp.internet.dropdowntest.DropdownTest -->
    </test> <!-- DropDownTests_Val_2 -->
  </suite> <!-- DropDownTestsSuite -->
</testng-results>
